E, [2018-01-26T00:04:25.076190 #25307] ERROR -- Kitchen: ------Exception-------
E, [2018-01-26T00:04:25.076313 #25307] ERROR -- Kitchen: Class: Kitchen::UserError
E, [2018-01-26T00:04:25.076344 #25307] ERROR -- Kitchen: Message: Kitchen YAML file /home/vagrant/chef-repo/generator/lcd_origin/.kitchen.yml does not exist.
E, [2018-01-26T00:04:25.076368 #25307] ERROR -- Kitchen: ----------------------
E, [2018-01-26T00:04:25.076390 #25307] ERROR -- Kitchen: ------Backtrace-------
E, [2018-01-26T00:04:25.076410 #25307] ERROR -- Kitchen: /opt/chefdk/embedded/lib/ruby/gems/2.4.0/gems/test-kitchen-1.19.2/lib/kitchen/loader/yaml.rb:65:in `read'
E, [2018-01-26T00:04:25.076432 #25307] ERROR -- Kitchen: /opt/chefdk/embedded/lib/ruby/gems/2.4.0/gems/test-kitchen-1.19.2/lib/kitchen/config.rb:152:in `data'
E, [2018-01-26T00:04:25.076453 #25307] ERROR -- Kitchen: /opt/chefdk/embedded/lib/ruby/gems/2.4.0/gems/test-kitchen-1.19.2/lib/kitchen/config.rb:131:in `suites'
E, [2018-01-26T00:04:25.076474 #25307] ERROR -- Kitchen: /opt/chefdk/embedded/lib/ruby/gems/2.4.0/gems/test-kitchen-1.19.2/lib/kitchen/config.rb:182:in `filter_instances'
E, [2018-01-26T00:04:25.076495 #25307] ERROR -- Kitchen: /opt/chefdk/embedded/lib/ruby/gems/2.4.0/gems/test-kitchen-1.19.2/lib/kitchen/config.rb:141:in `build_instances'
E, [2018-01-26T00:04:25.076515 #25307] ERROR -- Kitchen: /opt/chefdk/embedded/lib/ruby/gems/2.4.0/gems/test-kitchen-1.19.2/lib/kitchen/config.rb:117:in `instances'
E, [2018-01-26T00:04:25.076536 #25307] ERROR -- Kitchen: /opt/chefdk/embedded/lib/ruby/gems/2.4.0/gems/test-kitchen-1.19.2/lib/kitchen/command.rb:112:in `filtered_instances'
E, [2018-01-26T00:04:25.076563 #25307] ERROR -- Kitchen: /opt/chefdk/embedded/lib/ruby/gems/2.4.0/gems/test-kitchen-1.19.2/lib/kitchen/command.rb:142:in `parse_subcommand'
E, [2018-01-26T00:04:25.076635 #25307] ERROR -- Kitchen: /opt/chefdk/embedded/lib/ruby/gems/2.4.0/gems/test-kitchen-1.19.2/lib/kitchen/command/list.rb:30:in `call'
E, [2018-01-26T00:04:25.076674 #25307] ERROR -- Kitchen: /opt/chefdk/embedded/lib/ruby/gems/2.4.0/gems/test-kitchen-1.19.2/lib/kitchen/cli.rb:52:in `perform'
E, [2018-01-26T00:04:25.076696 #25307] ERROR -- Kitchen: /opt/chefdk/embedded/lib/ruby/gems/2.4.0/gems/test-kitchen-1.19.2/lib/kitchen/cli.rb:120:in `list'
E, [2018-01-26T00:04:25.076717 #25307] ERROR -- Kitchen: /opt/chefdk/embedded/lib/ruby/gems/2.4.0/gems/thor-0.19.1/lib/thor/command.rb:27:in `run'
E, [2018-01-26T00:04:25.076738 #25307] ERROR -- Kitchen: /opt/chefdk/embedded/lib/ruby/gems/2.4.0/gems/thor-0.19.1/lib/thor/invocation.rb:126:in `invoke_command'
E, [2018-01-26T00:04:25.076760 #25307] ERROR -- Kitchen: /opt/chefdk/embedded/lib/ruby/gems/2.4.0/gems/thor-0.19.1/lib/thor.rb:359:in `dispatch'
E, [2018-01-26T00:04:25.076781 #25307] ERROR -- Kitchen: /opt/chefdk/embedded/lib/ruby/gems/2.4.0/gems/thor-0.19.1/lib/thor/base.rb:440:in `start'
E, [2018-01-26T00:04:25.076802 #25307] ERROR -- Kitchen: /opt/chefdk/embedded/lib/ruby/gems/2.4.0/gems/test-kitchen-1.19.2/bin/kitchen:13:in `block in <top (required)>'
E, [2018-01-26T00:04:25.076823 #25307] ERROR -- Kitchen: /opt/chefdk/embedded/lib/ruby/gems/2.4.0/gems/test-kitchen-1.19.2/lib/kitchen/errors.rb:171:in `with_friendly_errors'
E, [2018-01-26T00:04:25.076844 #25307] ERROR -- Kitchen: /opt/chefdk/embedded/lib/ruby/gems/2.4.0/gems/test-kitchen-1.19.2/bin/kitchen:13:in `<top (required)>'
E, [2018-01-26T00:04:25.076865 #25307] ERROR -- Kitchen: /bin/kitchen:255:in `load'
E, [2018-01-26T00:04:25.076885 #25307] ERROR -- Kitchen: /bin/kitchen:255:in `<main>'
E, [2018-01-26T00:04:25.076906 #25307] ERROR -- Kitchen: ----End Backtrace-----
